****                   ADMIXTURE Version 1.3.0                  ****
****                    Copyright 2008-2015                     ****
****           David Alexander, Suyash Shringarpure,            ****
****                John  Novembre, Ken Lange                   ****
****                                                            ****
****                 Please cite our paper!                     ****
****   Information at www.genetics.ucla.edu/software/admixture  ****

Cross-validation will be performed.  Folds=5.
Parallel execution requested.  Will use 14 threads.
Random seed: 43
Point estimation method: Block relaxation algorithm
Convergence acceleration algorithm: QuasiNewton, 3 secant conditions
Point estimation will terminate when objective function delta < 0.0001
Estimation of standard errors disabled; will compute point estimates only.
Size of G: 4161x4875
Performing five EM steps to prime main algorithm
1 (EM) 	Elapsed: 14.057	Loglikelihood: -6.93438e+06	(delta): 2.26948e+07
2 (EM) 	Elapsed: 13.842	Loglikelihood: -6.42265e+06	(delta): 511732
3 (EM) 	Elapsed: 13.862	Loglikelihood: -6.37177e+06	(delta): 50878.9
4 (EM) 	Elapsed: 13.903	Loglikelihood: -6.34951e+06	(delta): 22264.1
5 (EM) 	Elapsed: 911.674	Loglikelihood: -6.33334e+06	(delta): 16172
Initial loglikelihood: -6.33334e+06
Starting main algorithm
1 (QN/Block) 	Elapsed: 8.516	Loglikelihood: -5.82878e+06	(delta): 504561
2 (QN/Block) 	Elapsed: 8.795	Loglikelihood: -5.684e+06	(delta): 144779
3 (QN/Block) 	Elapsed: 12.191	Loglikelihood: -5.59102e+06	(delta): 92980.8
4 (QN/Block) 	Elapsed: 13.367	Loglikelihood: -5.54483e+06	(delta): 46181.7
5 (QN/Block) 	Elapsed: 14.682	Loglikelihood: -5.53159e+06	(delta): 13246.2
6 (QN/Block) 	Elapsed: 11.078	Loglikelihood: -5.52609e+06	(delta): 5495.13
7 (QN/Block) 	Elapsed: 12.553	Loglikelihood: -5.52262e+06	(delta): 3470.72
8 (QN/Block) 	Elapsed: 11.112	Loglikelihood: -5.5204e+06	(delta): 2219.19
9 (QN/Block) 	Elapsed: 11.307	Loglikelihood: -5.51751e+06	(delta): 2890.36
10 (QN/Block) 	Elapsed: 14.785	Loglikelihood: -5.51451e+06	(delta): 3007.76
11 (QN/Block) 	Elapsed: 11.046	Loglikelihood: -5.51238e+06	(delta): 2124.52
12 (QN/Block) 	Elapsed: 12.174	Loglikelihood: -5.51094e+06	(delta): 1445.02
13 (QN/Block) 	Elapsed: 12.511	Loglikelihood: -5.51039e+06	(delta): 549.13
14 (QN/Block) 	Elapsed: 11.308	Loglikelihood: -5.51019e+06	(delta): 199.456
15 (QN/Block) 	Elapsed: 11.282	Loglikelihood: -5.5101e+06	(delta): 90.2489
16 (QN/Block) 	Elapsed: 11.228	Loglikelihood: -5.51005e+06	(delta): 43.4889
17 (QN/Block) 	Elapsed: 11.332	Loglikelihood: -5.51003e+06	(delta): 21.2099
18 (QN/Block) 	Elapsed: 17.769	Loglikelihood: -5.51002e+06	(delta): 7.60532
19 (QN/Block) 	Elapsed: 37.457	Loglikelihood: -5.51002e+06	(delta): 4.18843
20 (QN/Block) 	Elapsed: 37.719	Loglikelihood: -5.51002e+06	(delta): 1.69371
21 (QN/Block) 	Elapsed: 384.698	Loglikelihood: -5.51002e+06	(delta): 0.969538
22 (QN/Block) 	Elapsed: 13.714	Loglikelihood: -5.51002e+06	(delta): 0.220804
23 (QN/Block) 	Elapsed: 14.31	Loglikelihood: -5.51002e+06	(delta): 0.215594
24 (QN/Block) 	Elapsed: 13.094	Loglikelihood: -5.51002e+06	(delta): 0.132643
25 (QN/Block) 	Elapsed: 14.016	Loglikelihood: -5.51002e+06	(delta): 0.11069
26 (QN/Block) 	Elapsed: 1010.56	Loglikelihood: -5.51002e+06	(delta): 0.070996
27 (QN/Block) 	Elapsed: 12.45	Loglikelihood: -5.51002e+06	(delta): 0.0387036
28 (QN/Block) 	Elapsed: 12.178	Loglikelihood: -5.51002e+06	(delta): 0.033403
29 (QN/Block) 	Elapsed: 12.059	Loglikelihood: -5.51002e+06	(delta): 0.0208958
30 (QN/Block) 	Elapsed: 13.303	Loglikelihood: -5.51002e+06	(delta): 0.00886609
31 (QN/Block) 	Elapsed: 463.814	Loglikelihood: -5.51002e+06	(delta): 0.0080051
32 (QN/Block) 	Elapsed: 10.949	Loglikelihood: -5.51002e+06	(delta): 0.00337539
33 (QN/Block) 	Elapsed: 10.967	Loglikelihood: -5.51002e+06	(delta): 0.00135633
34 (QN/Block) 	Elapsed: 11.019	Loglikelihood: -5.51002e+06	(delta): 0.00065172
35 (QN/Block) 	Elapsed: 11.023	Loglikelihood: -5.51002e+06	(delta): 0.000246425
36 (QN/Block) 	Elapsed: 10.869	Loglikelihood: -5.51002e+06	(delta): 0.000823997
37 (QN/Block) 	Elapsed: 1012.08	Loglikelihood: -5.51002e+06	(delta): 9.82461e-05
Summary: 
Converged in 37 iterations (4347.45 sec)
Loglikelihood: -5510016.761873
Fst divergences between estimated populations: 
	Pop0	Pop1	Pop2	Pop3	Pop4	Pop5	Pop6	Pop7	
Pop0	
Pop1	0.161	
Pop2	0.184	0.109	
Pop3	0.155	0.027	0.117	
Pop4	0.516	0.498	0.500	0.494	
Pop5	0.138	0.046	0.104	0.044	0.500	
Pop6	0.198	0.143	0.181	0.127	0.516	0.119	
Pop7	0.150	0.108	0.139	0.105	0.508	0.074	0.117	
Pop8	0.145	0.107	0.139	0.102	0.508	0.073	0.109	0.030	
CV error (K=9): 0.16834
Writing output files.
