****                   ADMIXTURE Version 1.3.0                  ****
****                    Copyright 2008-2015                     ****
****           David Alexander, Suyash Shringarpure,            ****
****                John  Novembre, Ken Lange                   ****
****                                                            ****
****                 Please cite our paper!                     ****
****   Information at www.genetics.ucla.edu/software/admixture  ****

Cross-validation will be performed.  Folds=5.
Parallel execution requested.  Will use 14 threads.
Random seed: 43
Point estimation method: Block relaxation algorithm
Convergence acceleration algorithm: QuasiNewton, 3 secant conditions
Point estimation will terminate when objective function delta < 0.0001
Estimation of standard errors disabled; will compute point estimates only.
Size of G: 4161x4875
Performing five EM steps to prime main algorithm
1 (EM) 	Elapsed: 5.957	Loglikelihood: -6.89173e+06	(delta): 2.37354e+07
2 (EM) 	Elapsed: 6.206	Loglikelihood: -6.43199e+06	(delta): 459737
3 (EM) 	Elapsed: 6.187	Loglikelihood: -6.37478e+06	(delta): 57210.1
4 (EM) 	Elapsed: 6.236	Loglikelihood: -6.3465e+06	(delta): 28275.6
5 (EM) 	Elapsed: 6.309	Loglikelihood: -6.3269e+06	(delta): 19599.5
Initial loglikelihood: -6.3269e+06
Starting main algorithm
1 (QN/Block) 	Elapsed: 6.566	Loglikelihood: -5.97874e+06	(delta): 348167
2 (QN/Block) 	Elapsed: 6.507	Loglikelihood: -5.79682e+06	(delta): 181919
3 (QN/Block) 	Elapsed: 7.479	Loglikelihood: -5.74084e+06	(delta): 55978.4
4 (QN/Block) 	Elapsed: 7.953	Loglikelihood: -5.7081e+06	(delta): 32743.3
5 (QN/Block) 	Elapsed: 8.423	Loglikelihood: -5.6952e+06	(delta): 12897.5
6 (QN/Block) 	Elapsed: 7.355	Loglikelihood: -5.68797e+06	(delta): 7233.08
7 (QN/Block) 	Elapsed: 8.51	Loglikelihood: -5.67586e+06	(delta): 12108.1
8 (QN/Block) 	Elapsed: 8.341	Loglikelihood: -5.66247e+06	(delta): 13384.3
9 (QN/Block) 	Elapsed: 8.903	Loglikelihood: -5.64951e+06	(delta): 12958.9
10 (QN/Block) 	Elapsed: 8.954	Loglikelihood: -5.63848e+06	(delta): 11037.7
11 (QN/Block) 	Elapsed: 7.94	Loglikelihood: -5.62644e+06	(delta): 12031.8
12 (QN/Block) 	Elapsed: 7.397	Loglikelihood: -5.61489e+06	(delta): 11559.3
13 (QN/Block) 	Elapsed: 7.448	Loglikelihood: -5.60703e+06	(delta): 7858.45
14 (QN/Block) 	Elapsed: 7.877	Loglikelihood: -5.60267e+06	(delta): 4353.16
15 (QN/Block) 	Elapsed: 7.917	Loglikelihood: -5.59948e+06	(delta): 3189.29
16 (QN/Block) 	Elapsed: 7.404	Loglikelihood: -5.5971e+06	(delta): 2380.12
17 (QN/Block) 	Elapsed: 7.57	Loglikelihood: -5.59634e+06	(delta): 765.757
18 (QN/Block) 	Elapsed: 7.451	Loglikelihood: -5.59619e+06	(delta): 145.541
19 (QN/Block) 	Elapsed: 9.147	Loglikelihood: -5.59618e+06	(delta): 10.0922
20 (QN/Block) 	Elapsed: 7.496	Loglikelihood: -5.59618e+06	(delta): 2.47253
21 (QN/Block) 	Elapsed: 8.682	Loglikelihood: -5.59618e+06	(delta): 1.53188
22 (QN/Block) 	Elapsed: 7.479	Loglikelihood: -5.59618e+06	(delta): 1.33326
23 (QN/Block) 	Elapsed: 7.492	Loglikelihood: -5.59618e+06	(delta): 1.64287
24 (QN/Block) 	Elapsed: 7.426	Loglikelihood: -5.59617e+06	(delta): 1.46159
25 (QN/Block) 	Elapsed: 8.52	Loglikelihood: -5.59617e+06	(delta): 0.375257
26 (QN/Block) 	Elapsed: 8.48	Loglikelihood: -5.59617e+06	(delta): 0.449501
27 (QN/Block) 	Elapsed: 9.068	Loglikelihood: -5.59617e+06	(delta): 0.217212
28 (QN/Block) 	Elapsed: 7.727	Loglikelihood: -5.59617e+06	(delta): 0.388268
29 (QN/Block) 	Elapsed: 7.615	Loglikelihood: -5.59617e+06	(delta): 0.266632
30 (QN/Block) 	Elapsed: 8.464	Loglikelihood: -5.59617e+06	(delta): 0.0851984
31 (QN/Block) 	Elapsed: 7.634	Loglikelihood: -5.59617e+06	(delta): 0.0446794
32 (QN/Block) 	Elapsed: 8.48	Loglikelihood: -5.59617e+06	(delta): 0.0457907
33 (QN/Block) 	Elapsed: 7.473	Loglikelihood: -5.59617e+06	(delta): 0.0577008
34 (QN/Block) 	Elapsed: 8.518	Loglikelihood: -5.59617e+06	(delta): 0.00982318
35 (QN/Block) 	Elapsed: 7.668	Loglikelihood: -5.59617e+06	(delta): 0.0122566
36 (QN/Block) 	Elapsed: 7.403	Loglikelihood: -5.59617e+06	(delta): 0.0103591
37 (QN/Block) 	Elapsed: 7.701	Loglikelihood: -5.59617e+06	(delta): 0.00345111
38 (QN/Block) 	Elapsed: 7.653	Loglikelihood: -5.59617e+06	(delta): 0.000747913
39 (QN/Block) 	Elapsed: 7.519	Loglikelihood: -5.59617e+06	(delta): 0.000305478
40 (QN/Block) 	Elapsed: 7.497	Loglikelihood: -5.59617e+06	(delta): 0.00011928
41 (QN/Block) 	Elapsed: 7.566	Loglikelihood: -5.59617e+06	(delta): 7.50972e-05
Summary: 
Converged in 41 iterations (378.811 sec)
Loglikelihood: -5596172.337335
Fst divergences between estimated populations: 
	Pop0	Pop1	Pop2	Pop3	
Pop0	
Pop1	0.494	
Pop2	0.494	0.101	
Pop3	0.501	0.060	0.129	
Pop4	0.490	0.039	0.110	0.089	
CV error (K=5): 0.17131
Writing output files.
