****                   ADMIXTURE Version 1.3.0                  ****
****                    Copyright 2008-2015                     ****
****           David Alexander, Suyash Shringarpure,            ****
****                John  Novembre, Ken Lange                   ****
****                                                            ****
****                 Please cite our paper!                     ****
****   Information at www.genetics.ucla.edu/software/admixture  ****

Cross-validation will be performed.  Folds=5.
Parallel execution requested.  Will use 14 threads.
Random seed: 43
Point estimation method: Block relaxation algorithm
Convergence acceleration algorithm: QuasiNewton, 3 secant conditions
Point estimation will terminate when objective function delta < 0.0001
Estimation of standard errors disabled; will compute point estimates only.
Size of G: 4161x4875
Performing five EM steps to prime main algorithm
1 (EM) 	Elapsed: 4.255	Loglikelihood: -6.79701e+06	(delta): 2.62925e+07
2 (EM) 	Elapsed: 4.283	Loglikelihood: -6.40668e+06	(delta): 390333
3 (EM) 	Elapsed: 4.311	Loglikelihood: -6.35148e+06	(delta): 55201.5
4 (EM) 	Elapsed: 4.354	Loglikelihood: -6.32197e+06	(delta): 29506.8
5 (EM) 	Elapsed: 4.285	Loglikelihood: -6.30331e+06	(delta): 18659.8
Initial loglikelihood: -6.30331e+06
Starting main algorithm
1 (QN/Block) 	Elapsed: 6.684	Loglikelihood: -6.03157e+06	(delta): 271739
2 (QN/Block) 	Elapsed: 6.695	Loglikelihood: -5.89479e+06	(delta): 136779
3 (QN/Block) 	Elapsed: 7.151	Loglikelihood: -5.8365e+06	(delta): 58291.4
4 (QN/Block) 	Elapsed: 7.845	Loglikelihood: -5.798e+06	(delta): 38504.9
5 (QN/Block) 	Elapsed: 7.412	Loglikelihood: -5.78364e+06	(delta): 14356
6 (QN/Block) 	Elapsed: 7.372	Loglikelihood: -5.77984e+06	(delta): 3802.35
7 (QN/Block) 	Elapsed: 7.587	Loglikelihood: -5.77734e+06	(delta): 2500.21
8 (QN/Block) 	Elapsed: 7.613	Loglikelihood: -5.77609e+06	(delta): 1244.77
9 (QN/Block) 	Elapsed: 7.189	Loglikelihood: -5.77565e+06	(delta): 443.215
10 (QN/Block) 	Elapsed: 7.151	Loglikelihood: -5.77548e+06	(delta): 168.541
11 (QN/Block) 	Elapsed: 7.152	Loglikelihood: -5.77546e+06	(delta): 27.0356
12 (QN/Block) 	Elapsed: 7.179	Loglikelihood: -5.77546e+06	(delta): 0.348915
13 (QN/Block) 	Elapsed: 7.095	Loglikelihood: -5.77546e+06	(delta): 0.0510622
14 (QN/Block) 	Elapsed: 7.178	Loglikelihood: -5.77546e+06	(delta): 0.0192198
15 (QN/Block) 	Elapsed: 7.177	Loglikelihood: -5.77546e+06	(delta): 0.00430076
16 (QN/Block) 	Elapsed: 7.202	Loglikelihood: -5.77546e+06	(delta): 0.000532644
17 (QN/Block) 	Elapsed: 7.419	Loglikelihood: -5.77546e+06	(delta): 0.000577461
18 (QN/Block) 	Elapsed: 7.394	Loglikelihood: -5.77546e+06	(delta): 9.10228e-05
Summary: 
Converged in 18 iterations (158.36 sec)
Loglikelihood: -5775455.337130
Fst divergences between estimated populations: 
	Pop0	Pop1	
Pop0	
Pop1	0.126	
Pop2	0.083	0.104	
CV error (K=3): 0.17900
Writing output files.
